-------------------------------------------------------------------------------
Test set: ImageHoster.controller.CommentControllerTest
-------------------------------------------------------------------------------
Tests run: 1, Failures: 1, Errors: 0, Skipped: 0, Time elapsed: 1.125 s <<< FAILURE! - in ImageHoster.controller.CommentControllerTest
createComment  Time elapsed: 0.059 s  <<< FAILURE!
java.lang.AssertionError: Redirected URL expected:</images/1/new> but was:<null>
	at ImageHoster.controller.CommentControllerTest.createComment(CommentControllerTest.java:65)

