<?xml version="1.0" encoding="UTF-8"?>
<testsuite xmlns:xsi="http://www.w3.org/2001/XMLSchema-instance" xsi:noNamespaceSchemaLocation="https://maven.apache.org/surefire/maven-surefire-plugin/xsd/surefire-test-report.xsd" name="ImageHoster.controller.CommentControllerTest" time="1.125" tests="1" errors="0" skipped="0" failures="1">
  <properties>
[...]
</properties>
  <testcase name="createComment" classname="ImageHoster.controller.CommentControllerTest" time="0.059">
    <failure message="Redirected URL expected:&lt;/images/1/new&gt; but was:&lt;null&gt;" type="java.lang.AssertionError"><![CDATA[java.lang.AssertionError: Redirected URL expected:</images/1/new> but was:<null>
	at ImageHoster.controller.CommentControllerTest.createComment(CommentControllerTest.java:65)
]]></failure>
    <system-out><![CDATA[
  .   ____          _            __ _ _
 /\\ / ___'_ __ _ _(_)_ __  __ _ \ \ \ \
( ( )\___ | '_ | '_| | '_ \/ _` | \ \ \ \
 \\/  ___)| |_)| | | | | || (_| |  ) ) ) )
  '  |____| .__|_| |_|_| |_\__, | / / / /
 =========|_|==============|___/=/_/_/_/
 :: Spring Boot ::        (v2.2.6.RELEASE)

2020-06-08 23:00:51.536  INFO 48379 --- [           main] I.controller.CommentControllerTest       : Starting CommentControllerTest on abhilashs-MacBook-Air-4.local with PID 48379 (started by abhilash in /Users/abhilash/Desktop/upgrad-2/ImageHoster)
2020-06-08 23:00:51.538  INFO 48379 --- [           main] I.controller.CommentControllerTest       : No active profile set, falling back to default profiles: default
2020-06-08 23:00:52.346  INFO 48379 --- [           main] o.s.s.concurrent.ThreadPoolTaskExecutor  : Initializing ExecutorService 'applicationTaskExecutor'
2020-06-08 23:00:52.398  INFO 48379 --- [           main] o.s.b.a.w.s.WelcomePageHandlerMapping    : Adding welcome page template: index
2020-06-08 23:00:52.596  INFO 48379 --- [           main] o.s.b.t.m.w.SpringBootMockServletContext : Initializing Spring TestDispatcherServlet ''
2020-06-08 23:00:52.597  INFO 48379 --- [           main] o.s.t.web.servlet.TestDispatcherServlet  : Initializing Servlet ''
2020-06-08 23:00:52.644  INFO 48379 --- [           main] o.s.t.web.servlet.TestDispatcherServlet  : Completed initialization in 46 ms
2020-06-08 23:00:52.688  INFO 48379 --- [           main] I.controller.CommentControllerTest       : Started CommentControllerTest in 1.236 seconds (JVM running for 9.537)
2020-06-08 23:00:52.744  WARN 48379 --- [           main] .w.s.m.s.DefaultHandlerExceptionResolver : Resolved [org.springframework.web.bind.MissingServletRequestParameterException: Required String parameter 'text' is not present]

MockHttpServletRequest:
      HTTP Method = POST
      Request URI = /image/1/new/comments
       Parameters = {comment=[This comment is for testing purpose]}
          Headers = []
             Body = <no character encoding set>
    Session Attrs = {loggeduser=ImageHoster.model.User@69fe7090}

Handler:
             Type = ImageHoster.controller.CommentController
           Method = ImageHoster.controller.CommentController#createComment(String, Comment, HttpSession)

Async:
    Async started = false
     Async result = null

Resolved Exception:
             Type = org.springframework.web.bind.MissingServletRequestParameterException

ModelAndView:
        View name = null
             View = null
            Model = null

FlashMap:
       Attributes = null

MockHttpServletResponse:
           Status = 400
    Error message = Required String parameter 'text' is not present
          Headers = []
     Content type = null
             Body = 
    Forwarded URL = null
   Redirected URL = null
          Cookies = []
]]></system-out>
  </testcase>
</testsuite>