<?xml version="1.0" encoding="UTF-8"?>
<testsuite xmlns:xsi="http://www.w3.org/2001/XMLSchema-instance" xsi:noNamespaceSchemaLocation="https://maven.apache.org/surefire/maven-surefire-plugin/xsd/surefire-test-report.xsd" name="ImageHoster.controller.UserControllerTest" time="5.446" tests="6" errors="0" skipped="0" failures="1">
  <properties>
[...]
</properties>
  <testcase name="signupWithCorrectPasswordType" classname="ImageHoster.controller.UserControllerTest" time="0.873">
    <failure message="View name expected:&lt;users/login&gt; but was:&lt;users/login.html&gt;" type="java.lang.AssertionError"><![CDATA[java.lang.AssertionError: View name expected:<users/login> but was:<users/login.html>
	at ImageHoster.controller.UserControllerTest.signupWithCorrectPasswordType(UserControllerTest.java:88)
]]></failure>
    <system-out><![CDATA[23:00:44.633 [main] DEBUG org.springframework.test.context.junit4.SpringJUnit4ClassRunner - SpringJUnit4ClassRunner constructor called with [class ImageHoster.controller.UserControllerTest]
23:00:44.671 [main] DEBUG org.springframework.test.context.BootstrapUtils - Instantiating CacheAwareContextLoaderDelegate from class [org.springframework.test.context.cache.DefaultCacheAwareContextLoaderDelegate]
23:00:44.759 [main] DEBUG org.springframework.test.context.BootstrapUtils - Instantiating BootstrapContext using constructor [public org.springframework.test.context.support.DefaultBootstrapContext(java.lang.Class,org.springframework.test.context.CacheAwareContextLoaderDelegate)]
23:00:44.883 [main] DEBUG org.springframework.test.context.BootstrapUtils - Instantiating TestContextBootstrapper for test class [ImageHoster.controller.UserControllerTest] from class [org.springframework.boot.test.autoconfigure.web.servlet.WebMvcTestContextBootstrapper]
23:00:44.936 [main] INFO org.springframework.boot.test.autoconfigure.web.servlet.WebMvcTestContextBootstrapper - Neither @ContextConfiguration nor @ContextHierarchy found for test class [ImageHoster.controller.UserControllerTest], using SpringBootContextLoader
23:00:44.947 [main] DEBUG org.springframework.test.context.support.AbstractContextLoader - Did not detect default resource location for test class [ImageHoster.controller.UserControllerTest]: class path resource [ImageHoster/controller/UserControllerTest-context.xml] does not exist
23:00:44.950 [main] DEBUG org.springframework.test.context.support.AbstractContextLoader - Did not detect default resource location for test class [ImageHoster.controller.UserControllerTest]: class path resource [ImageHoster/controller/UserControllerTestContext.groovy] does not exist
23:00:44.950 [main] INFO org.springframework.test.context.support.AbstractContextLoader - Could not detect default resource locations for test class [ImageHoster.controller.UserControllerTest]: no resource found for suffixes {-context.xml, Context.groovy}.
23:00:44.953 [main] INFO org.springframework.test.context.support.AnnotationConfigContextLoaderUtils - Could not detect default configuration classes for test class [ImageHoster.controller.UserControllerTest]: UserControllerTest does not declare any static, non-private, non-final, nested classes annotated with @Configuration.
23:00:45.161 [main] DEBUG org.springframework.test.context.support.ActiveProfilesUtils - Could not find an 'annotation declaring class' for annotation type [org.springframework.test.context.ActiveProfiles] and class [ImageHoster.controller.UserControllerTest]
23:00:45.342 [main] DEBUG org.springframework.context.annotation.ClassPathScanningCandidateComponentProvider - Identified candidate component class: file [/Users/abhilash/Desktop/upgrad-2/ImageHoster/target/classes/ImageHoster/ImageHosterApplication.class]
23:00:45.344 [main] INFO org.springframework.boot.test.context.SpringBootTestContextBootstrapper - Found @SpringBootConfiguration ImageHoster.ImageHosterApplication for test class ImageHoster.controller.UserControllerTest
23:00:45.347 [main] DEBUG org.springframework.boot.test.autoconfigure.web.servlet.WebMvcTestContextBootstrapper - @TestExecutionListeners is not present for class [ImageHoster.controller.UserControllerTest]: using defaults.
23:00:45.350 [main] INFO org.springframework.boot.test.autoconfigure.web.servlet.WebMvcTestContextBootstrapper - Loaded default TestExecutionListener class names from location [META-INF/spring.factories]: [org.springframework.boot.test.mock.mockito.MockitoTestExecutionListener, org.springframework.boot.test.mock.mockito.ResetMocksTestExecutionListener, org.springframework.boot.test.autoconfigure.restdocs.RestDocsTestExecutionListener, org.springframework.boot.test.autoconfigure.web.client.MockRestServiceServerResetTestExecutionListener, org.springframework.boot.test.autoconfigure.web.servlet.MockMvcPrintOnlyOnFailureTestExecutionListener, org.springframework.boot.test.autoconfigure.web.servlet.WebDriverTestExecutionListener, org.springframework.test.context.web.ServletTestExecutionListener, org.springframework.test.context.support.DirtiesContextBeforeModesTestExecutionListener, org.springframework.test.context.support.DependencyInjectionTestExecutionListener, org.springframework.test.context.support.DirtiesContextTestExecutionListener, org.springframework.test.context.transaction.TransactionalTestExecutionListener, org.springframework.test.context.jdbc.SqlScriptsTestExecutionListener, org.springframework.test.context.event.EventPublishingTestExecutionListener]
23:00:45.390 [main] INFO org.springframework.boot.test.autoconfigure.web.servlet.WebMvcTestContextBootstrapper - Using TestExecutionListeners: [org.springframework.test.context.web.ServletTestExecutionListener@496bc455, org.springframework.test.context.support.DirtiesContextBeforeModesTestExecutionListener@59402b8f, org.springframework.boot.test.mock.mockito.MockitoTestExecutionListener@7188af83, org.springframework.boot.test.autoconfigure.SpringBootDependencyInjectionTestExecutionListener@6be968ce, org.springframework.test.context.support.DirtiesContextTestExecutionListener@7c37508a, org.springframework.test.context.transaction.TransactionalTestExecutionListener@247310d0, org.springframework.test.context.jdbc.SqlScriptsTestExecutionListener@1033576a, org.springframework.test.context.event.EventPublishingTestExecutionListener@303cf2ba, org.springframework.boot.test.mock.mockito.ResetMocksTestExecutionListener@76494737, org.springframework.boot.test.autoconfigure.restdocs.RestDocsTestExecutionListener@4a003cbe, org.springframework.boot.test.autoconfigure.web.client.MockRestServiceServerResetTestExecutionListener@4082ba93, org.springframework.boot.test.autoconfigure.web.servlet.MockMvcPrintOnlyOnFailureTestExecutionListener@17fc391b, org.springframework.boot.test.autoconfigure.web.servlet.WebDriverTestExecutionListener@2b30a42c]
23:00:45.401 [main] DEBUG org.springframework.test.annotation.ProfileValueUtils - Retrieved @ProfileValueSourceConfiguration [null] for test class [ImageHoster.controller.UserControllerTest]
23:00:45.403 [main] DEBUG org.springframework.test.annotation.ProfileValueUtils - Retrieved ProfileValueSource type [class org.springframework.test.annotation.SystemProfileValueSource] for class [ImageHoster.controller.UserControllerTest]
23:00:45.455 [main] DEBUG org.springframework.test.context.junit4.SpringJUnit4ClassRunner - SpringJUnit4ClassRunner constructor called with [class ImageHoster.controller.CommentControllerTest]
23:00:45.456 [main] DEBUG org.springframework.test.context.BootstrapUtils - Instantiating CacheAwareContextLoaderDelegate from class [org.springframework.test.context.cache.DefaultCacheAwareContextLoaderDelegate]
23:00:45.458 [main] DEBUG org.springframework.test.context.BootstrapUtils - Instantiating BootstrapContext using constructor [public org.springframework.test.context.support.DefaultBootstrapContext(java.lang.Class,org.springframework.test.context.CacheAwareContextLoaderDelegate)]
23:00:45.459 [main] DEBUG org.springframework.test.context.BootstrapUtils - Instantiating TestContextBootstrapper for test class [ImageHoster.controller.CommentControllerTest] from class [org.springframework.boot.test.autoconfigure.web.servlet.WebMvcTestContextBootstrapper]
23:00:45.462 [main] INFO org.springframework.boot.test.autoconfigure.web.servlet.WebMvcTestContextBootstrapper - Neither @ContextConfiguration nor @ContextHierarchy found for test class [ImageHoster.controller.CommentControllerTest], using SpringBootContextLoader
23:00:45.465 [main] DEBUG org.springframework.test.context.support.AbstractContextLoader - Did not detect default resource location for test class [ImageHoster.controller.CommentControllerTest]: class path resource [ImageHoster/controller/CommentControllerTest-context.xml] does not exist
23:00:45.466 [main] DEBUG org.springframework.test.context.support.AbstractContextLoader - Did not detect default resource location for test class [ImageHoster.controller.CommentControllerTest]: class path resource [ImageHoster/controller/CommentControllerTestContext.groovy] does not exist
23:00:45.467 [main] INFO org.springframework.test.context.support.AbstractContextLoader - Could not detect default resource locations for test class [ImageHoster.controller.CommentControllerTest]: no resource found for suffixes {-context.xml, Context.groovy}.
23:00:45.468 [main] INFO org.springframework.test.context.support.AnnotationConfigContextLoaderUtils - Could not detect default configuration classes for test class [ImageHoster.controller.CommentControllerTest]: CommentControllerTest does not declare any static, non-private, non-final, nested classes annotated with @Configuration.
23:00:45.485 [main] DEBUG org.springframework.test.context.support.ActiveProfilesUtils - Could not find an 'annotation declaring class' for annotation type [org.springframework.test.context.ActiveProfiles] and class [ImageHoster.controller.CommentControllerTest]
23:00:45.488 [main] INFO org.springframework.boot.test.context.SpringBootTestContextBootstrapper - Found @SpringBootConfiguration ImageHoster.ImageHosterApplication for test class ImageHoster.controller.CommentControllerTest
23:00:45.491 [main] DEBUG org.springframework.boot.test.autoconfigure.web.servlet.WebMvcTestContextBootstrapper - @TestExecutionListeners is not present for class [ImageHoster.controller.CommentControllerTest]: using defaults.
23:00:45.493 [main] INFO org.springframework.boot.test.autoconfigure.web.servlet.WebMvcTestContextBootstrapper - Loaded default TestExecutionListener class names from location [META-INF/spring.factories]: [org.springframework.boot.test.mock.mockito.MockitoTestExecutionListener, org.springframework.boot.test.mock.mockito.ResetMocksTestExecutionListener, org.springframework.boot.test.autoconfigure.restdocs.RestDocsTestExecutionListener, org.springframework.boot.test.autoconfigure.web.client.MockRestServiceServerResetTestExecutionListener, org.springframework.boot.test.autoconfigure.web.servlet.MockMvcPrintOnlyOnFailureTestExecutionListener, org.springframework.boot.test.autoconfigure.web.servlet.WebDriverTestExecutionListener, org.springframework.test.context.web.ServletTestExecutionListener, org.springframework.test.context.support.DirtiesContextBeforeModesTestExecutionListener, org.springframework.test.context.support.DependencyInjectionTestExecutionListener, org.springframework.test.context.support.DirtiesContextTestExecutionListener, org.springframework.test.context.transaction.TransactionalTestExecutionListener, org.springframework.test.context.jdbc.SqlScriptsTestExecutionListener, org.springframework.test.context.event.EventPublishingTestExecutionListener]
23:00:45.500 [main] INFO org.springframework.boot.test.autoconfigure.web.servlet.WebMvcTestContextBootstrapper - Using TestExecutionListeners: [org.springframework.test.context.web.ServletTestExecutionListener@782859e, org.springframework.test.context.support.DirtiesContextBeforeModesTestExecutionListener@23f5b5dc, org.springframework.boot.test.mock.mockito.MockitoTestExecutionListener@34bde49d, org.springframework.boot.test.autoconfigure.SpringBootDependencyInjectionTestExecutionListener@1b1cfb87, org.springframework.test.context.support.DirtiesContextTestExecutionListener@821330f, org.springframework.test.context.transaction.TransactionalTestExecutionListener@6f43c82, org.springframework.test.context.jdbc.SqlScriptsTestExecutionListener@5db6b9cd, org.springframework.test.context.event.EventPublishingTestExecutionListener@210ab13f, org.springframework.boot.test.mock.mockito.ResetMocksTestExecutionListener@20b2475a, org.springframework.boot.test.autoconfigure.restdocs.RestDocsTestExecutionListener@7857fe2, org.springframework.boot.test.autoconfigure.web.client.MockRestServiceServerResetTestExecutionListener@6f15d60e, org.springframework.boot.test.autoconfigure.web.servlet.MockMvcPrintOnlyOnFailureTestExecutionListener@1be2019a, org.springframework.boot.test.autoconfigure.web.servlet.WebDriverTestExecutionListener@29d80d2b]
23:00:45.501 [main] DEBUG org.springframework.test.annotation.ProfileValueUtils - Retrieved @ProfileValueSourceConfiguration [null] for test class [ImageHoster.controller.CommentControllerTest]
23:00:45.501 [main] DEBUG org.springframework.test.annotation.ProfileValueUtils - Retrieved ProfileValueSource type [class org.springframework.test.annotation.SystemProfileValueSource] for class [ImageHoster.controller.CommentControllerTest]
23:00:45.513 [main] DEBUG org.springframework.test.context.junit4.SpringJUnit4ClassRunner - SpringJUnit4ClassRunner constructor called with [class ImageHoster.controller.ImageControllerTest]
23:00:45.513 [main] DEBUG org.springframework.test.context.BootstrapUtils - Instantiating CacheAwareContextLoaderDelegate from class [org.springframework.test.context.cache.DefaultCacheAwareContextLoaderDelegate]
23:00:45.516 [main] DEBUG org.springframework.test.context.BootstrapUtils - Instantiating BootstrapContext using constructor [public org.springframework.test.context.support.DefaultBootstrapContext(java.lang.Class,org.springframework.test.context.CacheAwareContextLoaderDelegate)]
23:00:45.518 [main] DEBUG org.springframework.test.context.BootstrapUtils - Instantiating TestContextBootstrapper for test class [ImageHoster.controller.ImageControllerTest] from class [org.springframework.boot.test.autoconfigure.web.servlet.WebMvcTestContextBootstrapper]
23:00:45.520 [main] INFO org.springframework.boot.test.autoconfigure.web.servlet.WebMvcTestContextBootstrapper - Neither @ContextConfiguration nor @ContextHierarchy found for test class [ImageHoster.controller.ImageControllerTest], using SpringBootContextLoader
23:00:45.522 [main] DEBUG org.springframework.test.context.support.AbstractContextLoader - Did not detect default resource location for test class [ImageHoster.controller.ImageControllerTest]: class path resource [ImageHoster/controller/ImageControllerTest-context.xml] does not exist
23:00:45.523 [main] DEBUG org.springframework.test.context.support.AbstractContextLoader - Did not detect default resource location for test class [ImageHoster.controller.ImageControllerTest]: class path resource [ImageHoster/controller/ImageControllerTestContext.groovy] does not exist
23:00:45.524 [main] INFO org.springframework.test.context.support.AbstractContextLoader - Could not detect default resource locations for test class [ImageHoster.controller.ImageControllerTest]: no resource found for suffixes {-context.xml, Context.groovy}.
23:00:45.526 [main] INFO org.springframework.test.context.support.AnnotationConfigContextLoaderUtils - Could not detect default configuration classes for test class [ImageHoster.controller.ImageControllerTest]: ImageControllerTest does not declare any static, non-private, non-final, nested classes annotated with @Configuration.
23:00:45.539 [main] DEBUG org.springframework.test.context.support.ActiveProfilesUtils - Could not find an 'annotation declaring class' for annotation type [org.springframework.test.context.ActiveProfiles] and class [ImageHoster.controller.ImageControllerTest]
23:00:45.540 [main] INFO org.springframework.boot.test.context.SpringBootTestContextBootstrapper - Found @SpringBootConfiguration ImageHoster.ImageHosterApplication for test class ImageHoster.controller.ImageControllerTest
23:00:45.543 [main] DEBUG org.springframework.boot.test.autoconfigure.web.servlet.WebMvcTestContextBootstrapper - @TestExecutionListeners is not present for class [ImageHoster.controller.ImageControllerTest]: using defaults.
23:00:45.544 [main] INFO org.springframework.boot.test.autoconfigure.web.servlet.WebMvcTestContextBootstrapper - Loaded default TestExecutionListener class names from location [META-INF/spring.factories]: [org.springframework.boot.test.mock.mockito.MockitoTestExecutionListener, org.springframework.boot.test.mock.mockito.ResetMocksTestExecutionListener, org.springframework.boot.test.autoconfigure.restdocs.RestDocsTestExecutionListener, org.springframework.boot.test.autoconfigure.web.client.MockRestServiceServerResetTestExecutionListener, org.springframework.boot.test.autoconfigure.web.servlet.MockMvcPrintOnlyOnFailureTestExecutionListener, org.springframework.boot.test.autoconfigure.web.servlet.WebDriverTestExecutionListener, org.springframework.test.context.web.ServletTestExecutionListener, org.springframework.test.context.support.DirtiesContextBeforeModesTestExecutionListener, org.springframework.test.context.support.DependencyInjectionTestExecutionListener, org.springframework.test.context.support.DirtiesContextTestExecutionListener, org.springframework.test.context.transaction.TransactionalTestExecutionListener, org.springframework.test.context.jdbc.SqlScriptsTestExecutionListener, org.springframework.test.context.event.EventPublishingTestExecutionListener]
23:00:45.550 [main] INFO org.springframework.boot.test.autoconfigure.web.servlet.WebMvcTestContextBootstrapper - Using TestExecutionListeners: [org.springframework.test.context.web.ServletTestExecutionListener@71687585, org.springframework.test.context.support.DirtiesContextBeforeModesTestExecutionListener@1807f5a7, org.springframework.boot.test.mock.mockito.MockitoTestExecutionListener@1b919693, org.springframework.boot.test.autoconfigure.SpringBootDependencyInjectionTestExecutionListener@7fb4f2a9, org.springframework.test.context.support.DirtiesContextTestExecutionListener@4dc27487, org.springframework.test.context.transaction.TransactionalTestExecutionListener@6a4f1a55, org.springframework.test.context.jdbc.SqlScriptsTestExecutionListener@7dfd3c81, org.springframework.test.context.event.EventPublishingTestExecutionListener@2584b82d, org.springframework.boot.test.mock.mockito.ResetMocksTestExecutionListener@7bbc8656, org.springframework.boot.test.autoconfigure.restdocs.RestDocsTestExecutionListener@6933b6c6, org.springframework.boot.test.autoconfigure.web.client.MockRestServiceServerResetTestExecutionListener@7d3e8655, org.springframework.boot.test.autoconfigure.web.servlet.MockMvcPrintOnlyOnFailureTestExecutionListener@7dfb0c0f, org.springframework.boot.test.autoconfigure.web.servlet.WebDriverTestExecutionListener@626abbd0]
23:00:45.553 [main] DEBUG org.springframework.test.annotation.ProfileValueUtils - Retrieved @ProfileValueSourceConfiguration [null] for test class [ImageHoster.controller.ImageControllerTest]
23:00:45.554 [main] DEBUG org.springframework.test.annotation.ProfileValueUtils - Retrieved ProfileValueSource type [class org.springframework.test.annotation.SystemProfileValueSource] for class [ImageHoster.controller.ImageControllerTest]
23:00:45.570 [main] DEBUG org.springframework.test.context.junit4.SpringJUnit4ClassRunner - SpringJUnit4ClassRunner constructor called with [class ImageHoster.controller.HomeControllerTest]
23:00:45.571 [main] DEBUG org.springframework.test.context.BootstrapUtils - Instantiating CacheAwareContextLoaderDelegate from class [org.springframework.test.context.cache.DefaultCacheAwareContextLoaderDelegate]
23:00:45.572 [main] DEBUG org.springframework.test.context.BootstrapUtils - Instantiating BootstrapContext using constructor [public org.springframework.test.context.support.DefaultBootstrapContext(java.lang.Class,org.springframework.test.context.CacheAwareContextLoaderDelegate)]
23:00:45.574 [main] DEBUG org.springframework.test.context.BootstrapUtils - Instantiating TestContextBootstrapper for test class [ImageHoster.controller.HomeControllerTest] from class [org.springframework.boot.test.autoconfigure.web.servlet.WebMvcTestContextBootstrapper]
23:00:45.576 [main] INFO org.springframework.boot.test.autoconfigure.web.servlet.WebMvcTestContextBootstrapper - Neither @ContextConfiguration nor @ContextHierarchy found for test class [ImageHoster.controller.HomeControllerTest], using SpringBootContextLoader
23:00:45.579 [main] DEBUG org.springframework.test.context.support.AbstractContextLoader - Did not detect default resource location for test class [ImageHoster.controller.HomeControllerTest]: class path resource [ImageHoster/controller/HomeControllerTest-context.xml] does not exist
23:00:45.582 [main] DEBUG org.springframework.test.context.support.AbstractContextLoader - Did not detect default resource location for test class [ImageHoster.controller.HomeControllerTest]: class path resource [ImageHoster/controller/HomeControllerTestContext.groovy] does not exist
23:00:45.583 [main] INFO org.springframework.test.context.support.AbstractContextLoader - Could not detect default resource locations for test class [ImageHoster.controller.HomeControllerTest]: no resource found for suffixes {-context.xml, Context.groovy}.
23:00:45.584 [main] INFO org.springframework.test.context.support.AnnotationConfigContextLoaderUtils - Could not detect default configuration classes for test class [ImageHoster.controller.HomeControllerTest]: HomeControllerTest does not declare any static, non-private, non-final, nested classes annotated with @Configuration.
23:00:45.592 [main] DEBUG org.springframework.test.context.support.ActiveProfilesUtils - Could not find an 'annotation declaring class' for annotation type [org.springframework.test.context.ActiveProfiles] and class [ImageHoster.controller.HomeControllerTest]
23:00:45.593 [main] INFO org.springframework.boot.test.context.SpringBootTestContextBootstrapper - Found @SpringBootConfiguration ImageHoster.ImageHosterApplication for test class ImageHoster.controller.HomeControllerTest
23:00:45.598 [main] DEBUG org.springframework.boot.test.autoconfigure.web.servlet.WebMvcTestContextBootstrapper - @TestExecutionListeners is not present for class [ImageHoster.controller.HomeControllerTest]: using defaults.
23:00:45.598 [main] INFO org.springframework.boot.test.autoconfigure.web.servlet.WebMvcTestContextBootstrapper - Loaded default TestExecutionListener class names from location [META-INF/spring.factories]: [org.springframework.boot.test.mock.mockito.MockitoTestExecutionListener, org.springframework.boot.test.mock.mockito.ResetMocksTestExecutionListener, org.springframework.boot.test.autoconfigure.restdocs.RestDocsTestExecutionListener, org.springframework.boot.test.autoconfigure.web.client.MockRestServiceServerResetTestExecutionListener, org.springframework.boot.test.autoconfigure.web.servlet.MockMvcPrintOnlyOnFailureTestExecutionListener, org.springframework.boot.test.autoconfigure.web.servlet.WebDriverTestExecutionListener, org.springframework.test.context.web.ServletTestExecutionListener, org.springframework.test.context.support.DirtiesContextBeforeModesTestExecutionListener, org.springframework.test.context.support.DependencyInjectionTestExecutionListener, org.springframework.test.context.support.DirtiesContextTestExecutionListener, org.springframework.test.context.transaction.TransactionalTestExecutionListener, org.springframework.test.context.jdbc.SqlScriptsTestExecutionListener, org.springframework.test.context.event.EventPublishingTestExecutionListener]
23:00:45.601 [main] INFO org.springframework.boot.test.autoconfigure.web.servlet.WebMvcTestContextBootstrapper - Using TestExecutionListeners: [org.springframework.test.context.web.ServletTestExecutionListener@51891008, org.springframework.test.context.support.DirtiesContextBeforeModesTestExecutionListener@2f953efd, org.springframework.boot.test.mock.mockito.MockitoTestExecutionListener@f68f0dc, org.springframework.boot.test.autoconfigure.SpringBootDependencyInjectionTestExecutionListener@d2de489, org.springframework.test.context.support.DirtiesContextTestExecutionListener@14bdbc74, org.springframework.test.context.transaction.TransactionalTestExecutionListener@12591ac8, org.springframework.test.context.jdbc.SqlScriptsTestExecutionListener@5a7fe64f, org.springframework.test.context.event.EventPublishingTestExecutionListener@38145825, org.springframework.boot.test.mock.mockito.ResetMocksTestExecutionListener@41330d4f, org.springframework.boot.test.autoconfigure.restdocs.RestDocsTestExecutionListener@1b66c0fb, org.springframework.boot.test.autoconfigure.web.client.MockRestServiceServerResetTestExecutionListener@3e0e1046, org.springframework.boot.test.autoconfigure.web.servlet.MockMvcPrintOnlyOnFailureTestExecutionListener@24c1b2d2, org.springframework.boot.test.autoconfigure.web.servlet.WebDriverTestExecutionListener@7dc19a70]
23:00:45.604 [main] DEBUG org.springframework.test.annotation.ProfileValueUtils - Retrieved @ProfileValueSourceConfiguration [null] for test class [ImageHoster.controller.HomeControllerTest]
23:00:45.606 [main] DEBUG org.springframework.test.annotation.ProfileValueUtils - Retrieved ProfileValueSource type [class org.springframework.test.annotation.SystemProfileValueSource] for class [ImageHoster.controller.HomeControllerTest]
23:00:45.630 [main] DEBUG org.springframework.test.context.junit4.SpringJUnit4ClassRunner - SpringJUnit4ClassRunner constructor called with [class ImageHoster.controller.UserControllerTest]
23:00:45.632 [main] DEBUG org.springframework.test.context.BootstrapUtils - Instantiating CacheAwareContextLoaderDelegate from class [org.springframework.test.context.cache.DefaultCacheAwareContextLoaderDelegate]
23:00:45.634 [main] DEBUG org.springframework.test.context.BootstrapUtils - Instantiating BootstrapContext using constructor [public org.springframework.test.context.support.DefaultBootstrapContext(java.lang.Class,org.springframework.test.context.CacheAwareContextLoaderDelegate)]
23:00:45.636 [main] DEBUG org.springframework.test.context.BootstrapUtils - Instantiating TestContextBootstrapper for test class [ImageHoster.controller.UserControllerTest] from class [org.springframework.boot.test.autoconfigure.web.servlet.WebMvcTestContextBootstrapper]
23:00:45.637 [main] INFO org.springframework.boot.test.autoconfigure.web.servlet.WebMvcTestContextBootstrapper - Neither @ContextConfiguration nor @ContextHierarchy found for test class [ImageHoster.controller.UserControllerTest], using SpringBootContextLoader
23:00:45.641 [main] DEBUG org.springframework.test.context.support.AbstractContextLoader - Did not detect default resource location for test class [ImageHoster.controller.UserControllerTest]: class path resource [ImageHoster/controller/UserControllerTest-context.xml] does not exist
23:00:45.643 [main] DEBUG org.springframework.test.context.support.AbstractContextLoader - Did not detect default resource location for test class [ImageHoster.controller.UserControllerTest]: class path resource [ImageHoster/controller/UserControllerTestContext.groovy] does not exist
23:00:45.648 [main] INFO org.springframework.test.context.support.AbstractContextLoader - Could not detect default resource locations for test class [ImageHoster.controller.UserControllerTest]: no resource found for suffixes {-context.xml, Context.groovy}.
23:00:45.651 [main] INFO org.springframework.test.context.support.AnnotationConfigContextLoaderUtils - Could not detect default configuration classes for test class [ImageHoster.controller.UserControllerTest]: UserControllerTest does not declare any static, non-private, non-final, nested classes annotated with @Configuration.
23:00:45.668 [main] DEBUG org.springframework.test.context.support.ActiveProfilesUtils - Could not find an 'annotation declaring class' for annotation type [org.springframework.test.context.ActiveProfiles] and class [ImageHoster.controller.UserControllerTest]
23:00:45.670 [main] INFO org.springframework.boot.test.context.SpringBootTestContextBootstrapper - Found @SpringBootConfiguration ImageHoster.ImageHosterApplication for test class ImageHoster.controller.UserControllerTest
23:00:45.673 [main] DEBUG org.springframework.boot.test.autoconfigure.web.servlet.WebMvcTestContextBootstrapper - @TestExecutionListeners is not present for class [ImageHoster.controller.UserControllerTest]: using defaults.
23:00:45.673 [main] INFO org.springframework.boot.test.autoconfigure.web.servlet.WebMvcTestContextBootstrapper - Loaded default TestExecutionListener class names from location [META-INF/spring.factories]: [org.springframework.boot.test.mock.mockito.MockitoTestExecutionListener, org.springframework.boot.test.mock.mockito.ResetMocksTestExecutionListener, org.springframework.boot.test.autoconfigure.restdocs.RestDocsTestExecutionListener, org.springframework.boot.test.autoconfigure.web.client.MockRestServiceServerResetTestExecutionListener, org.springframework.boot.test.autoconfigure.web.servlet.MockMvcPrintOnlyOnFailureTestExecutionListener, org.springframework.boot.test.autoconfigure.web.servlet.WebDriverTestExecutionListener, org.springframework.test.context.web.ServletTestExecutionListener, org.springframework.test.context.support.DirtiesContextBeforeModesTestExecutionListener, org.springframework.test.context.support.DependencyInjectionTestExecutionListener, org.springframework.test.context.support.DirtiesContextTestExecutionListener, org.springframework.test.context.transaction.TransactionalTestExecutionListener, org.springframework.test.context.jdbc.SqlScriptsTestExecutionListener, org.springframework.test.context.event.EventPublishingTestExecutionListener]
23:00:45.677 [main] INFO org.springframework.boot.test.autoconfigure.web.servlet.WebMvcTestContextBootstrapper - Using TestExecutionListeners: [org.springframework.test.context.web.ServletTestExecutionListener@49b2a47d, org.springframework.test.context.support.DirtiesContextBeforeModesTestExecutionListener@5be1d0a4, org.springframework.boot.test.mock.mockito.MockitoTestExecutionListener@415b0b49, org.springframework.boot.test.autoconfigure.SpringBootDependencyInjectionTestExecutionListener@6d5620ce, org.springframework.test.context.support.DirtiesContextTestExecutionListener@311bf055, org.springframework.test.context.transaction.TransactionalTestExecutionListener@642a7222, org.springframework.test.context.jdbc.SqlScriptsTestExecutionListener@7d322cad, org.springframework.test.context.event.EventPublishingTestExecutionListener@21be3395, org.springframework.boot.test.mock.mockito.ResetMocksTestExecutionListener@4f49f6af, org.springframework.boot.test.autoconfigure.restdocs.RestDocsTestExecutionListener@78452606, org.springframework.boot.test.autoconfigure.web.client.MockRestServiceServerResetTestExecutionListener@147e2ae7, org.springframework.boot.test.autoconfigure.web.servlet.MockMvcPrintOnlyOnFailureTestExecutionListener@448c8166, org.springframework.boot.test.autoconfigure.web.servlet.WebDriverTestExecutionListener@4470fbd6]
23:00:45.678 [main] DEBUG org.springframework.test.annotation.ProfileValueUtils - Retrieved @ProfileValueSourceConfiguration [null] for test class [ImageHoster.controller.UserControllerTest]
23:00:45.678 [main] DEBUG org.springframework.test.annotation.ProfileValueUtils - Retrieved ProfileValueSource type [class org.springframework.test.annotation.SystemProfileValueSource] for class [ImageHoster.controller.UserControllerTest]
23:00:45.681 [main] DEBUG org.springframework.test.context.junit4.SpringJUnit4ClassRunner - SpringJUnit4ClassRunner constructor called with [class ImageHoster.controller.CommentControllerTest]
23:00:45.685 [main] DEBUG org.springframework.test.context.BootstrapUtils - Instantiating CacheAwareContextLoaderDelegate from class [org.springframework.test.context.cache.DefaultCacheAwareContextLoaderDelegate]
23:00:45.687 [main] DEBUG org.springframework.test.context.BootstrapUtils - Instantiating BootstrapContext using constructor [public org.springframework.test.context.support.DefaultBootstrapContext(java.lang.Class,org.springframework.test.context.CacheAwareContextLoaderDelegate)]
23:00:45.688 [main] DEBUG org.springframework.test.context.BootstrapUtils - Instantiating TestContextBootstrapper for test class [ImageHoster.controller.CommentControllerTest] from class [org.springframework.boot.test.autoconfigure.web.servlet.WebMvcTestContextBootstrapper]
23:00:45.693 [main] INFO org.springframework.boot.test.autoconfigure.web.servlet.WebMvcTestContextBootstrapper - Neither @ContextConfiguration nor @ContextHierarchy found for test class [ImageHoster.controller.CommentControllerTest], using SpringBootContextLoader
23:00:45.694 [main] DEBUG org.springframework.test.context.support.AbstractContextLoader - Did not detect default resource location for test class [ImageHoster.controller.CommentControllerTest]: class path resource [ImageHoster/controller/CommentControllerTest-context.xml] does not exist
23:00:45.695 [main] DEBUG org.springframework.test.context.support.AbstractContextLoader - Did not detect default resource location for test class [ImageHoster.controller.CommentControllerTest]: class path resource [ImageHoster/controller/CommentControllerTestContext.groovy] does not exist
23:00:45.696 [main] INFO org.springframework.test.context.support.AbstractContextLoader - Could not detect default resource locations for test class [ImageHoster.controller.CommentControllerTest]: no resource found for suffixes {-context.xml, Context.groovy}.
23:00:45.696 [main] INFO org.springframework.test.context.support.AnnotationConfigContextLoaderUtils - Could not detect default configuration classes for test class [ImageHoster.controller.CommentControllerTest]: CommentControllerTest does not declare any static, non-private, non-final, nested classes annotated with @Configuration.
23:00:45.709 [main] DEBUG org.springframework.test.context.support.ActiveProfilesUtils - Could not find an 'annotation declaring class' for annotation type [org.springframework.test.context.ActiveProfiles] and class [ImageHoster.controller.CommentControllerTest]
23:00:45.710 [main] INFO org.springframework.boot.test.context.SpringBootTestContextBootstrapper - Found @SpringBootConfiguration ImageHoster.ImageHosterApplication for test class ImageHoster.controller.CommentControllerTest
23:00:45.711 [main] DEBUG org.springframework.boot.test.autoconfigure.web.servlet.WebMvcTestContextBootstrapper - @TestExecutionListeners is not present for class [ImageHoster.controller.CommentControllerTest]: using defaults.
23:00:45.711 [main] INFO org.springframework.boot.test.autoconfigure.web.servlet.WebMvcTestContextBootstrapper - Loaded default TestExecutionListener class names from location [META-INF/spring.factories]: [org.springframework.boot.test.mock.mockito.MockitoTestExecutionListener, org.springframework.boot.test.mock.mockito.ResetMocksTestExecutionListener, org.springframework.boot.test.autoconfigure.restdocs.RestDocsTestExecutionListener, org.springframework.boot.test.autoconfigure.web.client.MockRestServiceServerResetTestExecutionListener, org.springframework.boot.test.autoconfigure.web.servlet.MockMvcPrintOnlyOnFailureTestExecutionListener, org.springframework.boot.test.autoconfigure.web.servlet.WebDriverTestExecutionListener, org.springframework.test.context.web.ServletTestExecutionListener, org.springframework.test.context.support.DirtiesContextBeforeModesTestExecutionListener, org.springframework.test.context.support.DependencyInjectionTestExecutionListener, org.springframework.test.context.support.DirtiesContextTestExecutionListener, org.springframework.test.context.transaction.TransactionalTestExecutionListener, org.springframework.test.context.jdbc.SqlScriptsTestExecutionListener, org.springframework.test.context.event.EventPublishingTestExecutionListener]
23:00:45.712 [main] INFO org.springframework.boot.test.autoconfigure.web.servlet.WebMvcTestContextBootstrapper - Using TestExecutionListeners: [org.springframework.test.context.web.ServletTestExecutionListener@13526e59, org.springframework.test.context.support.DirtiesContextBeforeModesTestExecutionListener@2235eaab, org.springframework.boot.test.mock.mockito.MockitoTestExecutionListener@17503f6b, org.springframework.boot.test.autoconfigure.SpringBootDependencyInjectionTestExecutionListener@3bcd05cb, org.springframework.test.context.support.DirtiesContextTestExecutionListener@3b6d844d, org.springframework.test.context.transaction.TransactionalTestExecutionListener@36804139, org.springframework.test.context.jdbc.SqlScriptsTestExecutionListener@20bd8be5, org.springframework.test.context.event.EventPublishingTestExecutionListener@730d2164, org.springframework.boot.test.mock.mockito.ResetMocksTestExecutionListener@24959ca4, org.springframework.boot.test.autoconfigure.restdocs.RestDocsTestExecutionListener@10289886, org.springframework.boot.test.autoconfigure.web.client.MockRestServiceServerResetTestExecutionListener@5c86dbc5, org.springframework.boot.test.autoconfigure.web.servlet.MockMvcPrintOnlyOnFailureTestExecutionListener@461ad730, org.springframework.boot.test.autoconfigure.web.servlet.WebDriverTestExecutionListener@4ee203eb]
23:00:45.713 [main] DEBUG org.springframework.test.annotation.ProfileValueUtils - Retrieved @ProfileValueSourceConfiguration [null] for test class [ImageHoster.controller.CommentControllerTest]
23:00:45.713 [main] DEBUG org.springframework.test.annotation.ProfileValueUtils - Retrieved ProfileValueSource type [class org.springframework.test.annotation.SystemProfileValueSource] for class [ImageHoster.controller.CommentControllerTest]
23:00:45.739 [main] DEBUG org.springframework.test.context.junit4.SpringJUnit4ClassRunner - SpringJUnit4ClassRunner constructor called with [class ImageHoster.controller.ImageControllerTest]
23:00:45.740 [main] DEBUG org.springframework.test.context.BootstrapUtils - Instantiating CacheAwareContextLoaderDelegate from class [org.springframework.test.context.cache.DefaultCacheAwareContextLoaderDelegate]
23:00:45.740 [main] DEBUG org.springframework.test.context.BootstrapUtils - Instantiating BootstrapContext using constructor [public org.springframework.test.context.support.DefaultBootstrapContext(java.lang.Class,org.springframework.test.context.CacheAwareContextLoaderDelegate)]
23:00:45.741 [main] DEBUG org.springframework.test.context.BootstrapUtils - Instantiating TestContextBootstrapper for test class [ImageHoster.controller.ImageControllerTest] from class [org.springframework.boot.test.autoconfigure.web.servlet.WebMvcTestContextBootstrapper]
23:00:45.756 [main] INFO org.springframework.boot.test.autoconfigure.web.servlet.WebMvcTestContextBootstrapper - Neither @ContextConfiguration nor @ContextHierarchy found for test class [ImageHoster.controller.ImageControllerTest], using SpringBootContextLoader
23:00:45.759 [main] DEBUG org.springframework.test.context.support.AbstractContextLoader - Did not detect default resource location for test class [ImageHoster.controller.ImageControllerTest]: class path resource [ImageHoster/controller/ImageControllerTest-context.xml] does not exist
23:00:45.760 [main] DEBUG org.springframework.test.context.support.AbstractContextLoader - Did not detect default resource location for test class [ImageHoster.controller.ImageControllerTest]: class path resource [ImageHoster/controller/ImageControllerTestContext.groovy] does not exist
23:00:45.760 [main] INFO org.springframework.test.context.support.AbstractContextLoader - Could not detect default resource locations for test class [ImageHoster.controller.ImageControllerTest]: no resource found for suffixes {-context.xml, Context.groovy}.
23:00:45.760 [main] INFO org.springframework.test.context.support.AnnotationConfigContextLoaderUtils - Could not detect default configuration classes for test class [ImageHoster.controller.ImageControllerTest]: ImageControllerTest does not declare any static, non-private, non-final, nested classes annotated with @Configuration.
23:00:45.768 [main] DEBUG org.springframework.test.context.support.ActiveProfilesUtils - Could not find an 'annotation declaring class' for annotation type [org.springframework.test.context.ActiveProfiles] and class [ImageHoster.controller.ImageControllerTest]
23:00:45.772 [main] INFO org.springframework.boot.test.context.SpringBootTestContextBootstrapper - Found @SpringBootConfiguration ImageHoster.ImageHosterApplication for test class ImageHoster.controller.ImageControllerTest
23:00:45.773 [main] DEBUG org.springframework.boot.test.autoconfigure.web.servlet.WebMvcTestContextBootstrapper - @TestExecutionListeners is not present for class [ImageHoster.controller.ImageControllerTest]: using defaults.
23:00:45.774 [main] INFO org.springframework.boot.test.autoconfigure.web.servlet.WebMvcTestContextBootstrapper - Loaded default TestExecutionListener class names from location [META-INF/spring.factories]: [org.springframework.boot.test.mock.mockito.MockitoTestExecutionListener, org.springframework.boot.test.mock.mockito.ResetMocksTestExecutionListener, org.springframework.boot.test.autoconfigure.restdocs.RestDocsTestExecutionListener, org.springframework.boot.test.autoconfigure.web.client.MockRestServiceServerResetTestExecutionListener, org.springframework.boot.test.autoconfigure.web.servlet.MockMvcPrintOnlyOnFailureTestExecutionListener, org.springframework.boot.test.autoconfigure.web.servlet.WebDriverTestExecutionListener, org.springframework.test.context.web.ServletTestExecutionListener, org.springframework.test.context.support.DirtiesContextBeforeModesTestExecutionListener, org.springframework.test.context.support.DependencyInjectionTestExecutionListener, org.springframework.test.context.support.DirtiesContextTestExecutionListener, org.springframework.test.context.transaction.TransactionalTestExecutionListener, org.springframework.test.context.jdbc.SqlScriptsTestExecutionListener, org.springframework.test.context.event.EventPublishingTestExecutionListener]
23:00:45.775 [main] INFO org.springframework.boot.test.autoconfigure.web.servlet.WebMvcTestContextBootstrapper - Using TestExecutionListeners: [org.springframework.test.context.web.ServletTestExecutionListener@3e78b6a5, org.springframework.test.context.support.DirtiesContextBeforeModesTestExecutionListener@769a1df5, org.springframework.boot.test.mock.mockito.MockitoTestExecutionListener@41f69e84, org.springframework.boot.test.autoconfigure.SpringBootDependencyInjectionTestExecutionListener@7975d1d8, org.springframework.test.context.support.DirtiesContextTestExecutionListener@2438dcd, org.springframework.test.context.transaction.TransactionalTestExecutionListener@24105dc5, org.springframework.test.context.jdbc.SqlScriptsTestExecutionListener@5167f57d, org.springframework.test.context.event.EventPublishingTestExecutionListener@64b0598, org.springframework.boot.test.mock.mockito.ResetMocksTestExecutionListener@18f8cd79, org.springframework.boot.test.autoconfigure.restdocs.RestDocsTestExecutionListener@3e2055d6, org.springframework.boot.test.autoconfigure.web.client.MockRestServiceServerResetTestExecutionListener@50029372, org.springframework.boot.test.autoconfigure.web.servlet.MockMvcPrintOnlyOnFailureTestExecutionListener@e3b3b2f, org.springframework.boot.test.autoconfigure.web.servlet.WebDriverTestExecutionListener@50f6ac94]
23:00:45.775 [main] DEBUG org.springframework.test.annotation.ProfileValueUtils - Retrieved @ProfileValueSourceConfiguration [null] for test class [ImageHoster.controller.ImageControllerTest]
23:00:45.775 [main] DEBUG org.springframework.test.annotation.ProfileValueUtils - Retrieved ProfileValueSource type [class org.springframework.test.annotation.SystemProfileValueSource] for class [ImageHoster.controller.ImageControllerTest]
23:00:45.801 [main] DEBUG org.springframework.test.context.junit4.SpringJUnit4ClassRunner - SpringJUnit4ClassRunner constructor called with [class ImageHoster.controller.HomeControllerTest]
23:00:45.803 [main] DEBUG org.springframework.test.context.BootstrapUtils - Instantiating CacheAwareContextLoaderDelegate from class [org.springframework.test.context.cache.DefaultCacheAwareContextLoaderDelegate]
23:00:45.805 [main] DEBUG org.springframework.test.context.BootstrapUtils - Instantiating BootstrapContext using constructor [public org.springframework.test.context.support.DefaultBootstrapContext(java.lang.Class,org.springframework.test.context.CacheAwareContextLoaderDelegate)]
23:00:45.808 [main] DEBUG org.springframework.test.context.BootstrapUtils - Instantiating TestContextBootstrapper for test class [ImageHoster.controller.HomeControllerTest] from class [org.springframework.boot.test.autoconfigure.web.servlet.WebMvcTestContextBootstrapper]
23:00:45.809 [main] INFO org.springframework.boot.test.autoconfigure.web.servlet.WebMvcTestContextBootstrapper - Neither @ContextConfiguration nor @ContextHierarchy found for test class [ImageHoster.controller.HomeControllerTest], using SpringBootContextLoader
23:00:45.810 [main] DEBUG org.springframework.test.context.support.AbstractContextLoader - Did not detect default resource location for test class [ImageHoster.controller.HomeControllerTest]: class path resource [ImageHoster/controller/HomeControllerTest-context.xml] does not exist
23:00:45.811 [main] DEBUG org.springframework.test.context.support.AbstractContextLoader - Did not detect default resource location for test class [ImageHoster.controller.HomeControllerTest]: class path resource [ImageHoster/controller/HomeControllerTestContext.groovy] does not exist
23:00:45.811 [main] INFO org.springframework.test.context.support.AbstractContextLoader - Could not detect default resource locations for test class [ImageHoster.controller.HomeControllerTest]: no resource found for suffixes {-context.xml, Context.groovy}.
23:00:45.812 [main] INFO org.springframework.test.context.support.AnnotationConfigContextLoaderUtils - Could not detect default configuration classes for test class [ImageHoster.controller.HomeControllerTest]: HomeControllerTest does not declare any static, non-private, non-final, nested classes annotated with @Configuration.
23:00:45.828 [main] DEBUG org.springframework.test.context.support.ActiveProfilesUtils - Could not find an 'annotation declaring class' for annotation type [org.springframework.test.context.ActiveProfiles] and class [ImageHoster.controller.HomeControllerTest]
23:00:45.829 [main] INFO org.springframework.boot.test.context.SpringBootTestContextBootstrapper - Found @SpringBootConfiguration ImageHoster.ImageHosterApplication for test class ImageHoster.controller.HomeControllerTest
23:00:45.836 [main] DEBUG org.springframework.boot.test.autoconfigure.web.servlet.WebMvcTestContextBootstrapper - @TestExecutionListeners is not present for class [ImageHoster.controller.HomeControllerTest]: using defaults.
23:00:45.837 [main] INFO org.springframework.boot.test.autoconfigure.web.servlet.WebMvcTestContextBootstrapper - Loaded default TestExecutionListener class names from location [META-INF/spring.factories]: [org.springframework.boot.test.mock.mockito.MockitoTestExecutionListener, org.springframework.boot.test.mock.mockito.ResetMocksTestExecutionListener, org.springframework.boot.test.autoconfigure.restdocs.RestDocsTestExecutionListener, org.springframework.boot.test.autoconfigure.web.client.MockRestServiceServerResetTestExecutionListener, org.springframework.boot.test.autoconfigure.web.servlet.MockMvcPrintOnlyOnFailureTestExecutionListener, org.springframework.boot.test.autoconfigure.web.servlet.WebDriverTestExecutionListener, org.springframework.test.context.web.ServletTestExecutionListener, org.springframework.test.context.support.DirtiesContextBeforeModesTestExecutionListener, org.springframework.test.context.support.DependencyInjectionTestExecutionListener, org.springframework.test.context.support.DirtiesContextTestExecutionListener, org.springframework.test.context.transaction.TransactionalTestExecutionListener, org.springframework.test.context.jdbc.SqlScriptsTestExecutionListener, org.springframework.test.context.event.EventPublishingTestExecutionListener]
23:00:45.838 [main] INFO org.springframework.boot.test.autoconfigure.web.servlet.WebMvcTestContextBootstrapper - Using TestExecutionListeners: [org.springframework.test.context.web.ServletTestExecutionListener@3214ee6, org.springframework.test.context.support.DirtiesContextBeforeModesTestExecutionListener@383dc82c, org.springframework.boot.test.mock.mockito.MockitoTestExecutionListener@4a07d605, org.springframework.boot.test.autoconfigure.SpringBootDependencyInjectionTestExecutionListener@74287ea3, org.springframework.test.context.support.DirtiesContextTestExecutionListener@7d7758be, org.springframework.test.context.transaction.TransactionalTestExecutionListener@2bdd8394, org.springframework.test.context.jdbc.SqlScriptsTestExecutionListener@5f9edf14, org.springframework.test.context.event.EventPublishingTestExecutionListener@68746f22, org.springframework.boot.test.mock.mockito.ResetMocksTestExecutionListener@2f01783a, org.springframework.boot.test.autoconfigure.restdocs.RestDocsTestExecutionListener@68878f6d, org.springframework.boot.test.autoconfigure.web.client.MockRestServiceServerResetTestExecutionListener@41488b16, org.springframework.boot.test.autoconfigure.web.servlet.MockMvcPrintOnlyOnFailureTestExecutionListener@a8ef162, org.springframework.boot.test.autoconfigure.web.servlet.WebDriverTestExecutionListener@2eea88a1]
23:00:45.847 [main] DEBUG org.springframework.test.annotation.ProfileValueUtils - Retrieved @ProfileValueSourceConfiguration [null] for test class [ImageHoster.controller.HomeControllerTest]
23:00:45.850 [main] DEBUG org.springframework.test.annotation.ProfileValueUtils - Retrieved ProfileValueSource type [class org.springframework.test.annotation.SystemProfileValueSource] for class [ImageHoster.controller.HomeControllerTest]
23:00:45.992 [main] DEBUG org.springframework.test.annotation.ProfileValueUtils - Retrieved @ProfileValueSourceConfiguration [null] for test class [ImageHoster.controller.UserControllerTest]
23:00:45.992 [main] DEBUG org.springframework.test.annotation.ProfileValueUtils - Retrieved ProfileValueSource type [class org.springframework.test.annotation.SystemProfileValueSource] for class [ImageHoster.controller.UserControllerTest]
23:00:45.999 [main] DEBUG org.springframework.test.annotation.ProfileValueUtils - Retrieved @ProfileValueSourceConfiguration [null] for test class [ImageHoster.controller.UserControllerTest]
23:00:46.000 [main] DEBUG org.springframework.test.annotation.ProfileValueUtils - Retrieved ProfileValueSource type [class org.springframework.test.annotation.SystemProfileValueSource] for class [ImageHoster.controller.UserControllerTest]
23:00:46.002 [main] DEBUG org.springframework.test.annotation.ProfileValueUtils - Retrieved @ProfileValueSourceConfiguration [null] for test class [ImageHoster.controller.UserControllerTest]
23:00:46.002 [main] DEBUG org.springframework.test.annotation.ProfileValueUtils - Retrieved ProfileValueSource type [class org.springframework.test.annotation.SystemProfileValueSource] for class [ImageHoster.controller.UserControllerTest]
23:00:46.009 [main] DEBUG org.springframework.test.context.support.AbstractDirtiesContextTestExecutionListener - Before test class: context [DefaultTestContext@3406472c testClass = UserControllerTest, testInstance = [null], testMethod = [null], testException = [null], mergedContextConfiguration = [WebMergedContextConfiguration@5717c37 testClass = UserControllerTest, locations = '{}', classes = '{class ImageHoster.ImageHosterApplication}', contextInitializerClasses = '[]', activeProfiles = '{}', propertySourceLocations = '{}', propertySourceProperties = '{org.springframework.boot.test.autoconfigure.web.servlet.WebMvcTestContextBootstrapper=true}', contextCustomizers = set[[ImportsContextCustomizer@68f4865 key = [org.springframework.boot.autoconfigure.cache.CacheAutoConfiguration, org.springframework.boot.autoconfigure.context.MessageSourceAutoConfiguration, org.springframework.boot.autoconfigure.data.web.SpringDataWebAutoConfiguration, org.springframework.boot.autoconfigure.freemarker.FreeMarkerAutoConfiguration, org.springframework.boot.autoconfigure.groovy.template.GroovyTemplateAutoConfiguration, org.springframework.boot.autoconfigure.gson.GsonAutoConfiguration, org.springframework.boot.autoconfigure.hateoas.HypermediaAutoConfiguration, org.springframework.boot.autoconfigure.http.HttpMessageConvertersAutoConfiguration, org.springframework.boot.autoconfigure.jackson.JacksonAutoConfiguration, org.springframework.boot.autoconfigure.jsonb.JsonbAutoConfiguration, org.springframework.boot.autoconfigure.mustache.MustacheAutoConfiguration, org.springframework.boot.autoconfigure.task.TaskExecutionAutoConfiguration, org.springframework.boot.autoconfigure.thymeleaf.ThymeleafAutoConfiguration, org.springframework.boot.autoconfigure.validation.ValidationAutoConfiguration, org.springframework.boot.autoconfigure.web.servlet.error.ErrorMvcAutoConfiguration, org.springframework.boot.autoconfigure.web.servlet.WebMvcAutoConfiguration, org.springframework.boot.test.autoconfigure.web.servlet.MockMvcAutoConfiguration, org.springframework.boot.test.autoconfigure.web.servlet.MockMvcWebClientAutoConfiguration, org.springframework.boot.test.autoconfigure.web.servlet.MockMvcWebDriverAutoConfiguration, org.springframework.boot.autoconfigure.security.servlet.SecurityAutoConfiguration, org.springframework.boot.autoconfigure.security.servlet.UserDetailsServiceAutoConfiguration, org.springframework.boot.test.autoconfigure.web.servlet.MockMvcSecurityConfiguration]], org.springframework.boot.test.context.filter.ExcludeFilterContextCustomizer@7748410a, org.springframework.boot.test.json.DuplicateJsonObjectContextCustomizerFactory$DuplicateJsonObjectContextCustomizer@55740540, org.springframework.boot.test.mock.mockito.MockitoContextCustomizer@d34d85ae, org.springframework.boot.test.autoconfigure.OverrideAutoConfigurationContextCustomizerFactory$DisableAutoConfigurationContextCustomizer@4e268090, org.springframework.boot.test.autoconfigure.filter.TypeExcludeFiltersContextCustomizer@73586397, org.springframework.boot.test.autoconfigure.properties.PropertyMappingContextCustomizer@ced9bbf1, org.springframework.boot.test.autoconfigure.web.servlet.WebDriverContextCustomizerFactory$Customizer@550ee7e5], resourceBasePath = 'src/main/webapp', contextLoader = 'org.springframework.boot.test.context.SpringBootContextLoader', parent = [null]], attributes = map[[empty]]], class annotated with @DirtiesContext [false] with mode [null].
23:00:46.017 [main] DEBUG org.springframework.test.annotation.ProfileValueUtils - Retrieved @ProfileValueSourceConfiguration [null] for test class [ImageHoster.controller.UserControllerTest]
23:00:46.017 [main] DEBUG org.springframework.test.annotation.ProfileValueUtils - Retrieved ProfileValueSource type [class org.springframework.test.annotation.SystemProfileValueSource] for class [ImageHoster.controller.UserControllerTest]
23:00:46.241 [main] DEBUG org.springframework.test.context.support.TestPropertySourceUtils - Adding inlined properties to environment: {spring.jmx.enabled=false, org.springframework.boot.test.autoconfigure.web.servlet.WebMvcTestContextBootstrapper=true, server.port=-1}

  .   ____          _            __ _ _
 /\\ / ___'_ __ _ _(_)_ __  __ _ \ \ \ \
( ( )\___ | '_ | '_| | '_ \/ _` | \ \ \ \
 \\/  ___)| |_)| | | | | || (_| |  ) ) ) )
  '  |____| .__|_| |_|_| |_\__, | / / / /
 =========|_|==============|___/=/_/_/_/
 :: Spring Boot ::        (v2.2.6.RELEASE)

2020-06-08 23:00:46.904  INFO 48379 --- [           main] I.controller.UserControllerTest          : Starting UserControllerTest on abhilashs-MacBook-Air-4.local with PID 48379 (started by abhilash in /Users/abhilash/Desktop/upgrad-2/ImageHoster)
2020-06-08 23:00:46.927  INFO 48379 --- [           main] I.controller.UserControllerTest          : No active profile set, falling back to default profiles: default
2020-06-08 23:00:49.867  INFO 48379 --- [           main] o.s.s.concurrent.ThreadPoolTaskExecutor  : Initializing ExecutorService 'applicationTaskExecutor'
2020-06-08 23:00:50.016  INFO 48379 --- [           main] o.s.b.a.w.s.WelcomePageHandlerMapping    : Adding welcome page template: index
2020-06-08 23:00:50.325  INFO 48379 --- [           main] o.s.b.t.m.w.SpringBootMockServletContext : Initializing Spring TestDispatcherServlet ''
2020-06-08 23:00:50.325  INFO 48379 --- [           main] o.s.t.web.servlet.TestDispatcherServlet  : Initializing Servlet ''
2020-06-08 23:00:50.351  INFO 48379 --- [           main] o.s.t.web.servlet.TestDispatcherServlet  : Completed initialization in 26 ms
2020-06-08 23:00:50.402  INFO 48379 --- [           main] I.controller.UserControllerTest          : Started UserControllerTest in 4.139 seconds (JVM running for 7.251)

MockHttpServletRequest:
      HTTP Method = POST
      Request URI = /users/registration
       Parameters = {}
          Headers = []
             Body = <no character encoding set>
    Session Attrs = {}

Handler:
             Type = ImageHoster.controller.UserController
           Method = ImageHoster.controller.UserController#registerUser(User, Model)

Async:
    Async started = false
     Async result = null

Resolved Exception:
             Type = null

ModelAndView:
        View name = users/login.html
             View = null
        Attribute = user
            value = ImageHoster.model.User@5d717f19
           errors = []

FlashMap:
       Attributes = null

MockHttpServletResponse:
           Status = 200
    Error message = null
          Headers = [Content-Language:"en", Content-Type:"text/html;charset=UTF-8"]
     Content type = text/html;charset=UTF-8
             Body = <!Doctype html>

<html>

<head>
    <title>Spring MVC Application - Image Hoster</title>
</head>


    <header>
        <a href="/users/login">Login</a>
        <a href="/users/registration">Registration</a>
    </header>


<h2>Please Login:</h2>

<!-- Get username and password to log in the application-->
<form action="/users/login" method="POST">
    <label for="username">Username:</label>
    <input type="text" id="username" name="username"/>
    <label for="password">Password:</label>
    <input type="password" id="password" name="password"/>
    <input type="submit" value="Login"/>
</form>

</html>
    Forwarded URL = null
   Redirected URL = null
          Cookies = []
]]></system-out>
  </testcase>
  <testcase name="logout" classname="ImageHoster.controller.UserControllerTest" time="0.039"/>
  <testcase name="signinWithGetRequest" classname="ImageHoster.controller.UserControllerTest" time="0.017"/>
  <testcase name="signupWithWrongPasswordType" classname="ImageHoster.controller.UserControllerTest" time="0.05"/>
  <testcase name="signupWithGetRequest" classname="ImageHoster.controller.UserControllerTest" time="0.021"/>
  <testcase name="signinWithWrongCredentials" classname="ImageHoster.controller.UserControllerTest" time="0.019"/>
</testsuite>